0 info it worked if it ends with ok
1 verbose cli [ '/home/ubuntu/.nvm/v0.10.35/bin/node',
1 verbose cli   '/home/ubuntu/.nvm/v0.10.35/bin/npm',
1 verbose cli   'install',
1 verbose cli   'methodOverride' ]
2 info using npm@1.4.28
3 info using node@v0.10.35
4 warn package.json chat-example@0.0.0 No repository field.
5 verbose readDependencies using package.json deps
6 verbose cache add [ 'methodOverride', null ]
7 verbose cache add name=undefined spec="methodOverride" args=["methodOverride",null]
8 verbose parsed url { protocol: null,
8 verbose parsed url   slashes: null,
8 verbose parsed url   auth: null,
8 verbose parsed url   host: null,
8 verbose parsed url   port: null,
8 verbose parsed url   hostname: null,
8 verbose parsed url   hash: null,
8 verbose parsed url   search: null,
8 verbose parsed url   query: null,
8 verbose parsed url   pathname: 'methodOverride',
8 verbose parsed url   path: 'methodOverride',
8 verbose parsed url   href: 'methodOverride' }
9 silly lockFile 106534e5-methodOverride methodOverride
10 verbose lock methodOverride /home/ubuntu/.npm/106534e5-methodOverride.lock
11 silly lockFile 106534e5-methodOverride methodOverride
12 silly lockFile 106534e5-methodOverride methodOverride
13 verbose addNamed [ 'methodOverride', '' ]
14 verbose addNamed [ null, '*' ]
15 silly lockFile 70c5ec60-methodOverride methodOverride@
16 verbose lock methodOverride@ /home/ubuntu/.npm/70c5ec60-methodOverride.lock
17 silly addNameRange { name: 'methodOverride', range: '*', hasData: false }
18 verbose request where is /methodOverride
19 verbose request registry https://registry.npmjs.org/
20 verbose request id 2a70e3bdb1fc86d4
21 verbose url raw /methodOverride
22 verbose url resolving [ 'https://registry.npmjs.org/', './methodOverride' ]
23 verbose url resolved https://registry.npmjs.org/methodOverride
24 verbose request where is https://registry.npmjs.org/methodOverride
25 info trying registry request attempt 1 at 09:50:37
26 http GET https://registry.npmjs.org/methodOverride
27 http 404 https://registry.npmjs.org/methodOverride
28 silly registry.get cb [ 404,
28 silly registry.get   { 'content-type': 'application/json',
28 silly registry.get     'cache-control': 'max-age=0',
28 silly registry.get     'content-length': '2',
28 silly registry.get     'accept-ranges': 'bytes',
28 silly registry.get     date: 'Wed, 02 Dec 2015 09:50:38 GMT',
28 silly registry.get     via: '1.1 varnish',
28 silly registry.get     age: '0',
28 silly registry.get     connection: 'keep-alive',
28 silly registry.get     'x-served-by': 'cache-hkg6826-HKG',
28 silly registry.get     'x-cache': 'MISS',
28 silly registry.get     'x-cache-hits': '0',
28 silly registry.get     'x-timer': 'S1449049837.678118,VS0,VE922' } ]
29 silly lockFile 70c5ec60-methodOverride methodOverride@
30 silly lockFile 70c5ec60-methodOverride methodOverride@
31 error 404 Not Found
31 error 404
31 error 404 'methodOverride' is not in the npm registry.
31 error 404 You should bug the author to publish it
31 error 404 It was specified as a dependency of 'chat-example'
31 error 404
31 error 404 Note that you can also install from a
31 error 404 tarball, folder, or http url, or git url.
32 error System Linux 4.2.0-c9
33 error command "/home/ubuntu/.nvm/v0.10.35/bin/node" "/home/ubuntu/.nvm/v0.10.35/bin/npm" "install" "methodOverride"
34 error cwd /home/ubuntu/workspace
35 error node -v v0.10.35
36 error npm -v 1.4.28
37 error code E404
38 verbose exit [ 1, true ]
